Removed Pin From Net: NetName=GND Pin=C1-2
Removed Pin From Net: NetName=GND Pin=C2-2
Change Component Footprint: Designator=C1 Old Footprint=0603 Capicator New Footprint=0805 Capicator
Change Component Footprint: Designator=C2 Old Footprint=0603 Capicator New Footprint=0805 Capicator
Change Component Footprint: Designator=Y1 Old Footprint=hc-49sm New Footprint=R38
Change Component Comment : Designator=Y1 Old Comment=8MHz New Comment=16MHz
Change component parameters: Designator = "C1" ("C1"); Footprint = "0603 Capicator"; UniqueID = "\WCWLEJYH" ("\WCWLEJYH")
Change component parameters (AddParameter): Name = "ComponentLink1Description"; Value = "Chip&Dip"; VariantName = "[No Variations]"
Change component parameters (AddParameter): Name = "ComponentLink1URL"; Value = "https://www.chipdip.ru/product/grm2165c1h100j"; VariantName = "[No Variations]"
Change component parameters (AddParameter): Name = "Manufacturer"; Value = "Murata Manufacturing"; VariantName = "[No Variations]"
Change component parameters (AddParameter): Name = "Part Number"; Value = "GRM2165C1H100JZ01D"; VariantName = "[No Variations]"
Change component parameters (AddParameter): Name = "Type"; Value = "Capacitor"; VariantName = "[No Variations]"
Change component parameters: Designator = "C2" ("C2"); Footprint = "0603 Capicator"; UniqueID = "\CFGBLBZP" ("\CFGBLBZP")
Change component parameters (AddParameter): Name = "ComponentLink1Description"; Value = "Chip&Dip"; VariantName = "[No Variations]"
Change component parameters (AddParameter): Name = "ComponentLink1URL"; Value = "https://www.chipdip.ru/product/grm2165c1h100j"; VariantName = "[No Variations]"
Change component parameters (AddParameter): Name = "Manufacturer"; Value = "Murata Manufacturing"; VariantName = "[No Variations]"
Change component parameters (AddParameter): Name = "Part Number"; Value = "GRM2165C1H100JZ01D"; VariantName = "[No Variations]"
Change component parameters (AddParameter): Name = "Type"; Value = "Capacitor"; VariantName = "[No Variations]"
Change component parameters: Designator = "Y1" ("Y1"); Footprint = "hc-49sm"; UniqueID = "\NXJDWHGV" ("\NXJDWHGV")
Change component parameters (AddParameter): Name = "ComponentLink1Description"; Value = "Chip&Dip"; VariantName = "[No Variations]"
Change component parameters (AddParameter): Name = "ComponentLink1URL"; Value = "https://www.chipdip.ru/product/16mhz-hc-49s"; VariantName = "[No Variations]"
Change component parameters (AddParameter): Name = "Manufacturer"; Value = "China"; VariantName = "[No Variations]"
Change component parameters (AddParameter): Name = "Part Number"; Value = "16.000MHzHC-49US"; VariantName = "[No Variations]"
Change component parameters (AddParameter): Name = "Type"; Value = "Crystal"; VariantName = "[No Variations]"
Added Pin To Net: NetName=GND Pin=C1-1
Added Pin To Net: NetName=GND Pin=C2-1
Added Pin To Net: NetName=NetC1_2 Pin=C1-2
Added Pin To Net: NetName=NetC1_2 Pin=U1-5
Added Pin To Net: NetName=NetC1_2 Pin=Y1-2
Added Net: Name=NetC1_2
Added Pin To Net: NetName=NetC2_2 Pin=C2-2
Added Pin To Net: NetName=NetC2_2 Pin=U1-6
Added Pin To Net: NetName=NetC2_2 Pin=Y1-1
Added Net: Name=NetC2_2
